C:\Program Files (x86)\Microsoft Visual Studio\2019\Community\MSBuild\Microsoft\VC\v160\Microsoft.CppBuild.targets(477,5): warning MSB8004: Output 目录未以斜杠结尾。  此生成实例将添加斜杠，因为必须有这个斜杠才能正确计算 Output 目录。
  unity_YBAJRVD8I2620B09.cpp
C:\Program Files (x86)\Microsoft Visual Studio\2019\Community\VC\Tools\MSVC\14.28.29333\include\istream(449,1): warning C4530: 使用了 C++ 异常处理程序，但未启用展开语义。请指定 /EHsc
C:\Program Files (x86)\Microsoft Visual Studio\2019\Community\VC\Tools\MSVC\14.28.29333\include\istream(441): message : 在编译 类 模板 成员函数“std::basic_istream<char,std::char_traits<char>> &std::basic_istream<char,std::char_traits<char>>::getline(_Elem *,std::streamsize,_Elem)”时
          with
          [
              _Elem=char
          ]
C:\Program Files (x86)\Microsoft Visual Studio\2019\Community\VC\Tools\MSVC\14.28.29333\include\istream(437): message : 查看对正在编译的函数 模板 实例化“std::basic_istream<char,std::char_traits<char>> &std::basic_istream<char,std::char_traits<char>>::getline(_Elem *,std::streamsize,_Elem)”的引用
          with
          [
              _Elem=char
          ]
C:\Program Files (x86)\Microsoft Visual Studio\2019\Community\VC\Tools\MSVC\14.28.29333\include\istream(691): message : 查看对正在编译的 类 模板 实例化“std::basic_istream<char,std::char_traits<char>>”的引用
  正在生成代码
  44 of 44 functions (100.0%) were compiled.
    43 functions were new in current compilation
    0 functions had inline decision re-evaluated but remain unchanged
  已完成代码的生成
  LuisaCmdServer.vcxproj -> D:\LuisaCompute\CmdServer_Project\Build\LuisaCmdServer.exe
